<?xml version="1.0" encoding="UTF-8"?>
<testsuite xmlns:xsi="http://www.w3.org/2001/XMLSchema-instance" xsi:noNamespaceSchemaLocation="https://maven.apache.org/surefire/maven-surefire-plugin/xsd/surefire-test-report-3.0.xsd" version="3.0" name="uk.gov.companieshouse.ConsumerPositiveTest" time="0.697" tests="1" errors="1" skipped="0" failures="0">
  <properties>
[...]
</properties>
  <testcase name="" classname="uk.gov.companieshouse.ConsumerPositiveTest" time="0.697">
    <error message="Could not find a valid Docker environment. Please see logs and check configuration" type="java.lang.IllegalStateException"><![CDATA[java.lang.IllegalStateException: Could not find a valid Docker environment. Please see logs and check configuration
	at org.testcontainers.dockerclient.DockerClientProviderStrategy.lambda$getFirstValidStrategy$7(DockerClientProviderStrategy.java:277)
	at java.base/java.util.Optional.orElseThrow(Optional.java:403)
	at org.testcontainers.dockerclient.DockerClientProviderStrategy.getFirstValidStrategy(DockerClientProviderStrategy.java:268)
	at org.testcontainers.DockerClientFactory.getOrInitializeStrategy(DockerClientFactory.java:152)
	at org.testcontainers.DockerClientFactory.client(DockerClientFactory.java:194)
	at org.testcontainers.DockerClientFactory$1.getDockerClient(DockerClientFactory.java:106)
	at com.github.dockerjava.api.DockerClientDelegate.authConfig(DockerClientDelegate.java:109)
	at org.testcontainers.containers.GenericContainer.start(GenericContainer.java:332)
	at org.testcontainers.junit.jupiter.TestcontainersExtension$StoreAdapter.start(TestcontainersExtension.java:280)
	at org.testcontainers.junit.jupiter.TestcontainersExtension$StoreAdapter.access$200(TestcontainersExtension.java:267)
	at org.testcontainers.junit.jupiter.TestcontainersExtension.lambda$null$4(TestcontainersExtension.java:82)
	at org.testcontainers.junit.jupiter.TestcontainersExtension.lambda$startContainers$5(TestcontainersExtension.java:82)
	at java.base/java.util.ArrayList.forEach(ArrayList.java:1596)
	at org.testcontainers.junit.jupiter.TestcontainersExtension.startContainers(TestcontainersExtension.java:82)
	at org.testcontainers.junit.jupiter.TestcontainersExtension.beforeAll(TestcontainersExtension.java:56)
	at java.base/java.util.ArrayList.forEach(ArrayList.java:1596)
]]></error>
    <system-out><![CDATA[
{"data":{"message":"Image pull policy will be performed by: DefaultPullPolicy()"},"created":"2026-03-17T11:24:07.829Z","event":"info"}
{"data":{"message":"Image name substitution will be performed by: DefaultImageNameSubstitutor (composite of 'ConfigurationFileImageNameSubstitutor' and 'PrefixingImageNameSubstitutor')"},"created":"2026-03-17T11:24:07.986Z","event":"info"}
{"data":{"message":"Loaded org.testcontainers.dockerclient.UnixSocketClientProviderStrategy from ~/.testcontainers.properties, will try it first"},"created":"2026-03-17T11:24:08.173Z","event":"info"}
{"data":{"message":"DOCKER_HOST unix:///var/run/docker.sock is not listening"},"created":"2026-03-17T11:24:08.322Z","event":"warn"}
{"data":{"message":"DOCKER_HOST unix:///Users/csmith2/.docker/run/docker.sock is not listening"},"created":"2026-03-17T11:24:08.323Z","event":"warn"}
{"data":{"message":"docker-machine executable was not found on PATH ([/Users/csmith2/.sdkman/candidates/maven/current/bin, /Users/csmith2/.sdkman/candidates/java/current/bin, /Users/csmith2/.sdkman/candidates/ant/current/bin, /Users/csmith2/.nvm/versions/node/v24.13.0/bin, /Users/csmith2/.pyenv/plugins/pyenv-virtualenv/shims, /Users/csmith2/.pyenv/shims, /Users/csmith2/.pyenv/bin, /opt/homebrew/bin, /opt/homebrew/sbin, /usr/local/bin, /System/Cryptexes/App/usr/bin, /usr/bin, /bin, /usr/sbin, /sbin, /var/run/com.apple.security.cryptexd/codex.system/bootstrap/usr/local/bin, /var/run/com.apple.security.cryptexd/codex.system/bootstrap/usr/bin, /var/run/com.apple.security.cryptexd/codex.system/bootstrap/usr/appleinternal/bin, /opt/pmk/env/global/bin, /usr/local/go/bin, /Applications/iTerm.app/Contents/Resources/utilities, /Users/csmith2/.ch_dev/bin, /Users/csmith2/go/bin, /Users/csmith2/.companies_house_config/bin])"},"created":"2026-03-17T11:24:08.324Z","event":"info"}
{"data":{"message":"Could not find a valid Docker environment. Please check configuration. Attempted configurations were:\nAs no valid configuration was found, execution cannot continue.\nSee https://java.testcontainers.org/on_failure.html for more details."},"created":"2026-03-17T11:24:08.324Z","event":"error"}
{"data":{"message":"Could not detect default configuration classes for test class [uk.gov.companieshouse.ConsumerPositiveTest]: ConsumerPositiveTest does not declare any static, non-private, non-final, nested classes annotated with @Configuration."},"created":"2026-03-17T11:24:08.370Z","event":"info"}
{"data":{"message":"Found @SpringBootConfiguration uk.gov.companieshouse.Application for test class uk.gov.companieshouse.ConsumerPositiveTest"},"created":"2026-03-17T11:24:08.440Z","event":"info"}]]></system-out>
    <system-err><![CDATA[SLF4J(W): Class path contains multiple SLF4J providers.
SLF4J(W): Found provider [ch.qos.logback.classic.spi.LogbackServiceProvider@67ab1c47]
SLF4J(W): Found provider [org.slf4j.simple.SimpleServiceProvider@b78a709]
SLF4J(W): See https://www.slf4j.org/codes.html#multiple_bindings for an explanation.
SLF4J(I): Actual provider is of type [ch.qos.logback.classic.spi.LogbackServiceProvider@67ab1c47]
]]></system-err>
  </testcase>
</testsuite>